{"type":"server-started","port":56476,"host":"127.0.0.1","url_host":"localhost","url":"http://localhost:56476","screen_dir":"/Users/cristiancirje/Desktop/Dev/studio-ai/.superpowers/brainstorm/69398-1775398212"}
{"type":"screen-added","file":"/Users/cristiancirje/Desktop/Dev/studio-ai/.superpowers/brainstorm/69398-1775398212/sidebar-features.html"}
{"source":"user-event","type":"click","text":"1\n    \n      AI Chat (main view)\n      Already exists. The core experience — talk to AI to control your DAW. This is the default screen.","choice":"chat","id":null,"timestamp":1775398406130}
{"source":"user-event","type":"click","text":"2\n    \n      Connection Status\n      Live indicator showing plugin ↔ cloud ↔ DAW bridge status. See if your FL Studio bridge is connected, cloud relay is online, latency info.","choice":"connection","id":null,"timestamp":1775398410361}
{"source":"user-event","type":"click","text":"6\n    \n      AI Presets / Quick Actions\n      Saved prompt templates — \"Set up a lo-fi beat\", \"Add sidechain compression\", \"Analyze my mix\". One-click commands.","choice":"presets","id":null,"timestamp":1775398426444}
{"source":"user-event","type":"click","text":"7\n    \n      Settings\n      Plugin preferences — theme, AI model selection, notification preferences, token/auth management, sign out.","choice":"settings","id":null,"timestamp":1775398429562}
{"source":"user-event","type":"click","text":"9\n    \n      Help & Onboarding\n      Getting started guide, what the AI can do, example commands, keyboard shortcuts, support link.","choice":"help","id":null,"timestamp":1775398433293}
{"type":"screen-added","file":"/Users/cristiancirje/Desktop/Dev/studio-ai/.superpowers/brainstorm/69398-1775398212/sidebar-layout.html"}
{"source":"user-event","type":"click","text":"A\n    \n      Icon Rail (collapsed)\n      Narrow strip (~48-56px) with icon-only buttons. Always visible. Tooltips on hover. Think VS Code activity bar or Discord. Maximizes chat space.","choice":"icon-rail","id":null,"timestamp":1775398503688}
{"source":"user-event","type":"click","text":"B\n    \n      Icon Rail + Expandable Panel\n      Same icon rail, but clicking an icon slides open a panel (like VS Code sidebar). Chat shrinks to accommodate. Click again to collapse back to icons-only.","choice":"icon-expandable","id":null,"timestamp":1775398504992}
{"source":"user-event","type":"click","text":"C\n    \n      Top Tab Bar\n      Horizontal tabs along the top — Chat | Status | Presets | Settings. Full width for each view. Simple but uses vertical space (~40px).","choice":"top-tabs","id":null,"timestamp":1775398506026}
{"source":"user-event","type":"click","text":"B\n    \n      Icon Rail + Expandable Panel\n      Same icon rail, but clicking an icon slides open a panel (like VS Code sidebar). Chat shrinks to accommodate. Click again to collapse back to icons-only.","choice":"icon-expandable","id":null,"timestamp":1775398513659}
{"source":"user-event","type":"click","text":"C\n    \n      Top Tab Bar\n      Horizontal tabs along the top — Chat | Status | Presets | Settings. Full width for each view. Simple but uses vertical space (~40px).","choice":"top-tabs","id":null,"timestamp":1775398576175}
{"source":"user-event","type":"click","text":"B\n    \n      Icon Rail + Expandable Panel\n      Same icon rail, but clicking an icon slides open a panel (like VS Code sidebar). Chat shrinks to accommodate. Click again to collapse back to icons-only.","choice":"icon-expandable","id":null,"timestamp":1775398592674}
{"type":"screen-added","file":"/Users/cristiancirje/Desktop/Dev/studio-ai/.superpowers/brainstorm/69398-1775398212/layout-wireframe.html"}
{"source":"user-event","type":"click","text":"✎\n    \n      Needs changes\n      I'll describe what I want different in the terminal.","choice":"revise","id":null,"timestamp":1775398764807}
{"type":"screen-added","file":"/Users/cristiancirje/Desktop/Dev/studio-ai/.superpowers/brainstorm/69398-1775398212/layout-wireframe-v2.html"}
{"type":"screen-added","file":"/Users/cristiancirje/Desktop/Dev/studio-ai/.superpowers/brainstorm/69398-1775398212/layout-wireframe-v3.html"}
{"type":"screen-added","file":"/Users/cristiancirje/Desktop/Dev/studio-ai/.superpowers/brainstorm/69398-1775398212/waiting.html"}
{"type":"server-stopped","reason":"idle timeout"}
